Start - -1
const - -1
identifier - 110
: - -1
int - -1
= - -1
read - -1
( - -1
) - -1
; - -1
let - -1
identifier - 73
: - -1
int - -1
; - -1
check - -1
( - -1
== - -1
constant - 50
) - -1
{ - -1
write - -1
( - -1
constant - 609
) - -1
; - -1
} - -1
for - -1
( - -1
identifier - 105
= - -1
constant - 51
; - -1
* - -1
< - -1
; - -1
= - -1
+ - -1
constant - 49
) - -1
{ - -1
check - -1
( - -1
% - -1
== - -1
constant - 48
) - -1
{ - -1
write - -1
( - -1
constant - 914
) - -1
; - -1
break - -1
; - -1
} - -1
} - -1
End - -1
